Using pre-set license
Built from '2020.2/release' branch; Version is '2020.2.1f1 (270dd8c3da1c) revision 2559448'; Using compiler version '192528614'; Build Type 'Release'
OS: 'Windows 10  (10.0.0) 64bit' Language: 'en' Physical Memory: 16334 MB
BatchMode: 1, IsHumanControllingUs: 0, StartBugReporterOnCrash: 0, Is64bit: 1, IsPro: 0

 COMMAND LINE ARGUMENTS:
C:\Program Files\Unity\Hub\Editor\2020.2.1f1\Editor\Unity.exe
-adb2
-batchMode
-noUpm
-name
AssetImportWorker0
-projectPath
C:/Users/colli/Documents/Repos/ArcadeMachine/Arcade Project
-logFile
Logs/AssetImportWorker0.log
-srvPort
52728
Successfully changed project path to: C:/Users/colli/Documents/Repos/ArcadeMachine/Arcade Project
C:/Users/colli/Documents/Repos/ArcadeMachine/Arcade Project
Using Asset Import Pipeline V2.
Refreshing native plugins compatible for Editor in 62.14 ms, found 1 plugins.
Preloading 0 native plugins for Editor in 0.00 ms.
Initialize engine version: 2020.2.1f1 (270dd8c3da1c)
[Subsystems] Discovering subsystems at path C:/Program Files/Unity/Hub/Editor/2020.2.1f1/Editor/Data/Resources/UnitySubsystems
[Subsystems] Discovering subsystems at path C:/Users/colli/Documents/Repos/ArcadeMachine/Arcade Project/Assets
GfxDevice: creating device client; threaded=0
Direct3D:
    Version:  Direct3D 11.0 [level 11.1]
    Renderer: NVIDIA GeForce RTX 3060 Ti (ID=0x2486)
    Vendor:   
    VRAM:     8050 MB
    Driver:   27.21.14.6677
Shader 'Universal Render Pipeline/Particles/Lit': fallback shader 'Universal Render Pipeline/Particles/SimpleLit' not found
Initialize mono
Mono path[0] = 'C:/Program Files/Unity/Hub/Editor/2020.2.1f1/Editor/Data/Managed'
Mono path[1] = 'C:/Program Files/Unity/Hub/Editor/2020.2.1f1/Editor/Data/MonoBleedingEdge/lib/mono/unityjit'
Mono config path = 'C:/Program Files/Unity/Hub/Editor/2020.2.1f1/Editor/Data/MonoBleedingEdge/etc'
Using monoOptions --debugger-agent=transport=dt_socket,embedding=1,server=y,suspend=n,address=127.0.0.1:56036
Begin MonoManager ReloadAssembly
Registering precompiled unity dll's ...
Register platform support module: C:/Program Files/Unity/Hub/Editor/2020.2.1f1/Editor/Data/PlaybackEngines/WebGLSupport/UnityEditor.WebGL.Extensions.dll
Register platform support module: C:/Program Files/Unity/Hub/Editor/2020.2.1f1/Editor/Data/PlaybackEngines/WindowsStandaloneSupport/UnityEditor.WindowsStandalone.Extensions.dll
Registered in 0.002057 seconds.
Native extension for WindowsStandalone target not found
Native extension for WebGL target not found
Refreshing native plugins compatible for Editor in 57.03 ms, found 1 plugins.
Preloading 0 native plugins for Editor in 0.00 ms.
Invoked RoslynAnalysisRunner static constructor.
RoslynAnalysisRunner will not be running.
RoslynAnalysisRunner has terminated.
Mono: successfully reloaded assembly
- Completed reload, in  1.065 seconds
Platform modules already initialized, skipping
Registering precompiled user dll's ...
Registered in 0.001645 seconds.
Begin MonoManager ReloadAssembly
Native extension for WindowsStandalone target not found
Native extension for WebGL target not found
Refreshing native plugins compatible for Editor in 60.02 ms, found 1 plugins.
Preloading 0 native plugins for Editor in 0.00 ms.
Invoked RoslynAnalysisRunner static constructor.
RoslynAnalysisRunner will not be running.
RoslynAnalysisRunner has terminated.
Mono: successfully reloaded assembly
- Completed reload, in  0.929 seconds
Platform modules already initialized, skipping
========================================================================
Worker process is ready to serve import requests
Shader 'Universal Render Pipeline/Particles/Lit': fallback shader 'Universal Render Pipeline/Particles/SimpleLit' not found
Launched and connected shader compiler UnityShaderCompiler.exe after 0.02 seconds
Refreshing native plugins compatible for Editor in 0.59 ms, found 1 plugins.
Preloading 0 native plugins for Editor in 0.00 ms.
Unloading 3382 Unused Serialized files (Serialized files now loaded: 0)
System memory in use before: 171.0 MB.
System memory in use after: 171.1 MB.

Unloading 27 unused Assets to reduce memory usage. Loaded Objects now: 3848.
Total: 2.369000 ms (FindLiveObjects: 0.374800 ms CreateObjectMapping: 0.078700 ms MarkObjects: 1.813300 ms  DeleteObjects: 0.100700 ms)

========================================================================
Received Import Request.
  path: Assets/InputMaster.inputactions
  artifactKey: Guid(2b2bae236bf159e429571fee23ee2084) Importer(815301076,1909f56bfc062723c751e8b465ee728b)
Start importing Assets/InputMaster.inputactions using Guid(2b2bae236bf159e429571fee23ee2084) Importer(815301076,1909f56bfc062723c751e8b465ee728b)  -> (artifact id: '56c28ce082475619a9d4e162dbdcb6af') in 0.041314 seconds
  Import took 0.046670 seconds .

========================================================================
Received Prepare
Registering precompiled user dll's ...
Registered in 0.002062 seconds.
Begin MonoManager ReloadAssembly
Native extension for WindowsStandalone target not found
Native extension for WebGL target not found
Refreshing native plugins compatible for Editor in 0.65 ms, found 1 plugins.
Preloading 0 native plugins for Editor in 0.00 ms.
Invoked RoslynAnalysisRunner static constructor.
RoslynAnalysisRunner will not be running.
RoslynAnalysisRunner has terminated.
Mono: successfully reloaded assembly
- Completed reload, in  0.820 seconds
Platform modules already initialized, skipping
Shader 'Universal Render Pipeline/Particles/Lit': fallback shader 'Universal Render Pipeline/Particles/SimpleLit' not found
Refreshing native plugins compatible for Editor in 0.62 ms, found 1 plugins.
Preloading 0 native plugins for Editor in 0.00 ms.
Unloading 3240 Unused Serialized files (Serialized files now loaded: 0)
System memory in use before: 163.7 MB.
System memory in use after: 163.8 MB.

Unloading 13 unused Assets to reduce memory usage. Loaded Objects now: 3851.
Total: 2.576500 ms (FindLiveObjects: 0.339300 ms CreateObjectMapping: 0.080100 ms MarkObjects: 2.060100 ms  DeleteObjects: 0.095400 ms)

========================================================================
Received Prepare
Registering precompiled user dll's ...
Registered in 0.001870 seconds.
Begin MonoManager ReloadAssembly
Native extension for WindowsStandalone target not found
Native extension for WebGL target not found
Refreshing native plugins compatible for Editor in 0.56 ms, found 1 plugins.
Preloading 0 native plugins for Editor in 0.00 ms.
Invoked RoslynAnalysisRunner static constructor.
RoslynAnalysisRunner will not be running.
RoslynAnalysisRunner has terminated.
Mono: successfully reloaded assembly
- Completed reload, in  0.793 seconds
Platform modules already initialized, skipping
Shader 'Universal Render Pipeline/Particles/Lit': fallback shader 'Universal Render Pipeline/Particles/SimpleLit' not found
Refreshing native plugins compatible for Editor in 0.56 ms, found 1 plugins.
Preloading 0 native plugins for Editor in 0.00 ms.
Unloading 3240 Unused Serialized files (Serialized files now loaded: 0)
System memory in use before: 163.7 MB.
System memory in use after: 163.9 MB.

Unloading 13 unused Assets to reduce memory usage. Loaded Objects now: 3854.
Total: 2.892300 ms (FindLiveObjects: 0.468900 ms CreateObjectMapping: 0.110100 ms MarkObjects: 2.172800 ms  DeleteObjects: 0.139400 ms)

========================================================================
Received Prepare
Registering precompiled user dll's ...
Registered in 0.001850 seconds.
Begin MonoManager ReloadAssembly
Native extension for WindowsStandalone target not found
Native extension for WebGL target not found
Refreshing native plugins compatible for Editor in 0.56 ms, found 1 plugins.
Preloading 0 native plugins for Editor in 0.00 ms.
Invoked RoslynAnalysisRunner static constructor.
RoslynAnalysisRunner will not be running.
RoslynAnalysisRunner has terminated.
Mono: successfully reloaded assembly
- Completed reload, in  0.811 seconds
Platform modules already initialized, skipping
Shader 'Universal Render Pipeline/Particles/Lit': fallback shader 'Universal Render Pipeline/Particles/SimpleLit' not found
Refreshing native plugins compatible for Editor in 0.56 ms, found 1 plugins.
Preloading 0 native plugins for Editor in 0.00 ms.
Unloading 3240 Unused Serialized files (Serialized files now loaded: 0)
System memory in use before: 163.8 MB.
System memory in use after: 163.9 MB.

Unloading 13 unused Assets to reduce memory usage. Loaded Objects now: 3857.
Total: 2.479300 ms (FindLiveObjects: 0.371200 ms CreateObjectMapping: 0.092600 ms MarkObjects: 1.922700 ms  DeleteObjects: 0.091800 ms)

========================================================================
Received Prepare
Registering precompiled user dll's ...
Registered in 0.001963 seconds.
Begin MonoManager ReloadAssembly
Native extension for WindowsStandalone target not found
Native extension for WebGL target not found
Refreshing native plugins compatible for Editor in 0.63 ms, found 1 plugins.
Preloading 0 native plugins for Editor in 0.00 ms.
Invoked RoslynAnalysisRunner static constructor.
RoslynAnalysisRunner will not be running.
RoslynAnalysisRunner has terminated.
Mono: successfully reloaded assembly
- Completed reload, in  0.797 seconds
Platform modules already initialized, skipping
Shader 'Universal Render Pipeline/Particles/Lit': fallback shader 'Universal Render Pipeline/Particles/SimpleLit' not found
Refreshing native plugins compatible for Editor in 0.57 ms, found 1 plugins.
Preloading 0 native plugins for Editor in 0.00 ms.
Unloading 3240 Unused Serialized files (Serialized files now loaded: 0)
System memory in use before: 163.8 MB.
System memory in use after: 163.9 MB.

Unloading 13 unused Assets to reduce memory usage. Loaded Objects now: 3860.
Total: 2.639400 ms (FindLiveObjects: 0.377700 ms CreateObjectMapping: 0.093400 ms MarkObjects: 2.069700 ms  DeleteObjects: 0.097700 ms)

========================================================================
Received Prepare
Registering precompiled user dll's ...
Registered in 0.001945 seconds.
Begin MonoManager ReloadAssembly
Native extension for WindowsStandalone target not found
Native extension for WebGL target not found
Refreshing native plugins compatible for Editor in 0.58 ms, found 1 plugins.
Preloading 0 native plugins for Editor in 0.00 ms.
Invoked RoslynAnalysisRunner static constructor.
RoslynAnalysisRunner will not be running.
RoslynAnalysisRunner has terminated.
Mono: successfully reloaded assembly
- Completed reload, in  0.787 seconds
Platform modules already initialized, skipping
Shader 'Universal Render Pipeline/Particles/Lit': fallback shader 'Universal Render Pipeline/Particles/SimpleLit' not found
Refreshing native plugins compatible for Editor in 0.57 ms, found 1 plugins.
Preloading 0 native plugins for Editor in 0.00 ms.
Unloading 3240 Unused Serialized files (Serialized files now loaded: 0)
System memory in use before: 163.8 MB.
System memory in use after: 163.9 MB.

Unloading 13 unused Assets to reduce memory usage. Loaded Objects now: 3863.
Total: 2.334300 ms (FindLiveObjects: 0.336900 ms CreateObjectMapping: 0.091100 ms MarkObjects: 1.813800 ms  DeleteObjects: 0.091200 ms)

========================================================================
Received Import Request.
  Time since last request: 2411.360524 seconds.
  path: Assets/InputMaster.inputactions
  artifactKey: Guid(2b2bae236bf159e429571fee23ee2084) Importer(815301076,1909f56bfc062723c751e8b465ee728b)
Start importing Assets/InputMaster.inputactions using Guid(2b2bae236bf159e429571fee23ee2084) Importer(815301076,1909f56bfc062723c751e8b465ee728b)  -> (artifact id: '727be3972978eaaaac09e1299aede9de') in 0.030161 seconds
  Import took 0.036300 seconds .

========================================================================
Received Import Request.
  Time since last request: 28.275692 seconds.
  path: Assets/InputSystem.inputsettings.asset
  artifactKey: Guid(e0d935ceb3c960644bac2b0b7fcc4bc8) Importer(815301076,1909f56bfc062723c751e8b465ee728b)
Start importing Assets/InputSystem.inputsettings.asset using Guid(e0d935ceb3c960644bac2b0b7fcc4bc8) Importer(815301076,1909f56bfc062723c751e8b465ee728b)  -> (artifact id: '950d41e73c4d3c7ad081bdbbece4b04f') in 0.008444 seconds
  Import took 0.013841 seconds .

========================================================================
Received Import Request.
  Time since last request: 0.002179 seconds.
  path: Assets/InputSystem.inputsettings.asset
  artifactKey: Guid(e0d935ceb3c960644bac2b0b7fcc4bc8) Importer(815301076,1909f56bfc062723c751e8b465ee728b)
Start importing Assets/InputSystem.inputsettings.asset using Guid(e0d935ceb3c960644bac2b0b7fcc4bc8) Importer(815301076,1909f56bfc062723c751e8b465ee728b)  -> (artifact id: '950d41e73c4d3c7ad081bdbbece4b04f') in 0.002511 seconds
  Import took 0.007130 seconds .

========================================================================
Received Import Request.
  Time since last request: 234.370108 seconds.
  path: Assets/InputMaster.inputactions
  artifactKey: Guid(2b2bae236bf159e429571fee23ee2084) Importer(815301076,1909f56bfc062723c751e8b465ee728b)
Start importing Assets/InputMaster.inputactions using Guid(2b2bae236bf159e429571fee23ee2084) Importer(815301076,1909f56bfc062723c751e8b465ee728b)  -> (artifact id: 'aba7eb1bb98d7410f1b3a85bb0395da9') in 0.007281 seconds
  Import took 0.012688 seconds .

========================================================================
Received Import Request.
  Time since last request: 0.000432 seconds.
  path: Assets/InputMaster.inputactions
  artifactKey: Guid(2b2bae236bf159e429571fee23ee2084) Importer(815301076,1909f56bfc062723c751e8b465ee728b)
Start importing Assets/InputMaster.inputactions using Guid(2b2bae236bf159e429571fee23ee2084) Importer(815301076,1909f56bfc062723c751e8b465ee728b)  -> (artifact id: 'aba7eb1bb98d7410f1b3a85bb0395da9') in 0.003157 seconds
  Import took 0.007977 seconds .

========================================================================
Received Import Request.
  Time since last request: 4.437959 seconds.
  path: Assets/InputMaster.inputactions
  artifactKey: Guid(2b2bae236bf159e429571fee23ee2084) Importer(815301076,1909f56bfc062723c751e8b465ee728b)
Start importing Assets/InputMaster.inputactions using Guid(2b2bae236bf159e429571fee23ee2084) Importer(815301076,1909f56bfc062723c751e8b465ee728b)  -> (artifact id: '06925905117779cdc6fb8c4b6cbd0c39') in 0.003314 seconds
  Import took 0.008075 seconds .

========================================================================
Received Import Request.
  Time since last request: 3.919221 seconds.
  path: Assets/InputMaster.inputactions
  artifactKey: Guid(2b2bae236bf159e429571fee23ee2084) Importer(815301076,1909f56bfc062723c751e8b465ee728b)
Start importing Assets/InputMaster.inputactions using Guid(2b2bae236bf159e429571fee23ee2084) Importer(815301076,1909f56bfc062723c751e8b465ee728b)  -> (artifact id: '92e89a2b8528e103684f3a35ce5641d3') in 0.004046 seconds
  Import took 0.008768 seconds .

========================================================================
Received Import Request.
  Time since last request: 0.005614 seconds.
  path: Assets/InputMaster.inputactions
  artifactKey: Guid(2b2bae236bf159e429571fee23ee2084) Importer(815301076,1909f56bfc062723c751e8b465ee728b)
Start importing Assets/InputMaster.inputactions using Guid(2b2bae236bf159e429571fee23ee2084) Importer(815301076,1909f56bfc062723c751e8b465ee728b)  -> (artifact id: '92e89a2b8528e103684f3a35ce5641d3') in 0.003316 seconds
  Import took 0.008086 seconds .

========================================================================
Received Import Request.
  Time since last request: 8.542133 seconds.
  path: Assets/InputMaster.inputactions
  artifactKey: Guid(2b2bae236bf159e429571fee23ee2084) Importer(815301076,1909f56bfc062723c751e8b465ee728b)
Start importing Assets/InputMaster.inputactions using Guid(2b2bae236bf159e429571fee23ee2084) Importer(815301076,1909f56bfc062723c751e8b465ee728b)  -> (artifact id: '14de2e9714d2ab1ba796efb49a3d8429') in 0.003536 seconds
  Import took 0.008771 seconds .

========================================================================
Received Import Request.
  Time since last request: 0.002405 seconds.
  path: Assets/InputMaster.inputactions
  artifactKey: Guid(2b2bae236bf159e429571fee23ee2084) Importer(815301076,1909f56bfc062723c751e8b465ee728b)
Start importing Assets/InputMaster.inputactions using Guid(2b2bae236bf159e429571fee23ee2084) Importer(815301076,1909f56bfc062723c751e8b465ee728b)  -> (artifact id: '14de2e9714d2ab1ba796efb49a3d8429') in 0.003152 seconds
  Import took 0.007697 seconds .

========================================================================
Received Import Request.
  Time since last request: 1.344392 seconds.
  path: Assets/InputMaster.cs
  artifactKey: Guid(8a4969d1cbf664a429b2eb388e2f251e) Importer(815301076,1909f56bfc062723c751e8b465ee728b)
Start importing Assets/InputMaster.cs using Guid(8a4969d1cbf664a429b2eb388e2f251e) Importer(815301076,1909f56bfc062723c751e8b465ee728b)  -> (artifact id: '639b56fa06fed15b40c7a1dd20b6397e') in 0.006475 seconds
  Import took 0.011266 seconds .

========================================================================
Received Prepare
Registering precompiled user dll's ...
Registered in 0.001991 seconds.
Begin MonoManager ReloadAssembly
Native extension for WindowsStandalone target not found
Native extension for WebGL target not found
Refreshing native plugins compatible for Editor in 0.57 ms, found 1 plugins.
Preloading 0 native plugins for Editor in 0.00 ms.
Invoked RoslynAnalysisRunner static constructor.
RoslynAnalysisRunner will not be running.
RoslynAnalysisRunner has terminated.
Mono: successfully reloaded assembly
- Completed reload, in  0.797 seconds
Platform modules already initialized, skipping
Shader 'Universal Render Pipeline/Particles/Lit': fallback shader 'Universal Render Pipeline/Particles/SimpleLit' not found
Refreshing native plugins compatible for Editor in 0.57 ms, found 1 plugins.
Preloading 0 native plugins for Editor in 0.00 ms.
Unloading 3241 Unused Serialized files (Serialized files now loaded: 0)
System memory in use before: 163.8 MB.
System memory in use after: 164.0 MB.

Unloading 13 unused Assets to reduce memory usage. Loaded Objects now: 3867.
Total: 2.517500 ms (FindLiveObjects: 0.302600 ms CreateObjectMapping: 0.079300 ms MarkObjects: 2.041600 ms  DeleteObjects: 0.093100 ms)

========================================================================
Received Prepare
Registering precompiled user dll's ...
Registered in 0.001899 seconds.
Begin MonoManager ReloadAssembly
Native extension for WindowsStandalone target not found
Native extension for WebGL target not found
Refreshing native plugins compatible for Editor in 0.99 ms, found 1 plugins.
Preloading 0 native plugins for Editor in 0.00 ms.
Invoked RoslynAnalysisRunner static constructor.
RoslynAnalysisRunner will not be running.
RoslynAnalysisRunner has terminated.
Mono: successfully reloaded assembly
- Completed reload, in  0.850 seconds
Platform modules already initialized, skipping
Shader 'Universal Render Pipeline/Particles/Lit': fallback shader 'Universal Render Pipeline/Particles/SimpleLit' not found
Refreshing native plugins compatible for Editor in 0.61 ms, found 1 plugins.
Preloading 0 native plugins for Editor in 0.00 ms.
Unloading 3241 Unused Serialized files (Serialized files now loaded: 0)
System memory in use before: 163.9 MB.
System memory in use after: 164.0 MB.

Unloading 13 unused Assets to reduce memory usage. Loaded Objects now: 3870.
Total: 2.451200 ms (FindLiveObjects: 0.381300 ms CreateObjectMapping: 0.087500 ms MarkObjects: 1.892700 ms  DeleteObjects: 0.088800 ms)

========================================================================
Received Prepare
Registering precompiled user dll's ...
Registered in 0.002007 seconds.
Begin MonoManager ReloadAssembly
Native extension for WindowsStandalone target not found
Native extension for WebGL target not found
Refreshing native plugins compatible for Editor in 0.58 ms, found 1 plugins.
Preloading 0 native plugins for Editor in 0.00 ms.
Invoked RoslynAnalysisRunner static constructor.
RoslynAnalysisRunner will not be running.
RoslynAnalysisRunner has terminated.
Mono: successfully reloaded assembly
- Completed reload, in  0.815 seconds
Platform modules already initialized, skipping
Shader 'Universal Render Pipeline/Particles/Lit': fallback shader 'Universal Render Pipeline/Particles/SimpleLit' not found
Refreshing native plugins compatible for Editor in 0.55 ms, found 1 plugins.
Preloading 0 native plugins for Editor in 0.00 ms.
Unloading 3241 Unused Serialized files (Serialized files now loaded: 0)
System memory in use before: 163.9 MB.
System memory in use after: 164.0 MB.

Unloading 13 unused Assets to reduce memory usage. Loaded Objects now: 3873.
Total: 2.318900 ms (FindLiveObjects: 0.319500 ms CreateObjectMapping: 0.083100 ms MarkObjects: 1.830500 ms  DeleteObjects: 0.084600 ms)

========================================================================
Received Prepare
Registering precompiled user dll's ...
Registered in 0.001908 seconds.
Begin MonoManager ReloadAssembly
Native extension for WindowsStandalone target not found
Native extension for WebGL target not found
Refreshing native plugins compatible for Editor in 0.57 ms, found 1 plugins.
Preloading 0 native plugins for Editor in 0.00 ms.
Invoked RoslynAnalysisRunner static constructor.
RoslynAnalysisRunner will not be running.
RoslynAnalysisRunner has terminated.
Mono: successfully reloaded assembly
- Completed reload, in  0.821 seconds
Platform modules already initialized, skipping
Shader 'Universal Render Pipeline/Particles/Lit': fallback shader 'Universal Render Pipeline/Particles/SimpleLit' not found
Refreshing native plugins compatible for Editor in 0.56 ms, found 1 plugins.
Preloading 0 native plugins for Editor in 0.00 ms.
Unloading 3241 Unused Serialized files (Serialized files now loaded: 0)
System memory in use before: 163.9 MB.
System memory in use after: 164.0 MB.

Unloading 13 unused Assets to reduce memory usage. Loaded Objects now: 3876.
Total: 2.561700 ms (FindLiveObjects: 0.319700 ms CreateObjectMapping: 0.082300 ms MarkObjects: 2.059600 ms  DeleteObjects: 0.099200 ms)

========================================================================
Received Prepare
Registering precompiled user dll's ...
Registered in 0.001871 seconds.
Begin MonoManager ReloadAssembly
Native extension for WindowsStandalone target not found
Native extension for WebGL target not found
Refreshing native plugins compatible for Editor in 0.57 ms, found 1 plugins.
Preloading 0 native plugins for Editor in 0.00 ms.
Invoked RoslynAnalysisRunner static constructor.
RoslynAnalysisRunner will not be running.
RoslynAnalysisRunner has terminated.
Mono: successfully reloaded assembly
- Completed reload, in  0.814 seconds
Platform modules already initialized, skipping
Shader 'Universal Render Pipeline/Particles/Lit': fallback shader 'Universal Render Pipeline/Particles/SimpleLit' not found
Refreshing native plugins compatible for Editor in 0.60 ms, found 1 plugins.
Preloading 0 native plugins for Editor in 0.00 ms.
Unloading 3241 Unused Serialized files (Serialized files now loaded: 0)
System memory in use before: 163.9 MB.
System memory in use after: 164.0 MB.

Unloading 13 unused Assets to reduce memory usage. Loaded Objects now: 3879.
Total: 2.581100 ms (FindLiveObjects: 0.328500 ms CreateObjectMapping: 0.089700 ms MarkObjects: 2.061000 ms  DeleteObjects: 0.100900 ms)

========================================================================
Received Prepare
Registering precompiled user dll's ...
Registered in 0.003009 seconds.
Begin MonoManager ReloadAssembly
Native extension for WindowsStandalone target not found
Native extension for WebGL target not found
Refreshing native plugins compatible for Editor in 0.62 ms, found 1 plugins.
Preloading 0 native plugins for Editor in 0.00 ms.
Invoked RoslynAnalysisRunner static constructor.
RoslynAnalysisRunner will not be running.
RoslynAnalysisRunner has terminated.
Mono: successfully reloaded assembly
- Completed reload, in  0.807 seconds
Platform modules already initialized, skipping
Shader 'Universal Render Pipeline/Particles/Lit': fallback shader 'Universal Render Pipeline/Particles/SimpleLit' not found
Refreshing native plugins compatible for Editor in 0.63 ms, found 1 plugins.
Preloading 0 native plugins for Editor in 0.00 ms.
Unloading 3241 Unused Serialized files (Serialized files now loaded: 0)
System memory in use before: 163.9 MB.
System memory in use after: 164.0 MB.

Unloading 13 unused Assets to reduce memory usage. Loaded Objects now: 3882.
Total: 2.686200 ms (FindLiveObjects: 0.382000 ms CreateObjectMapping: 0.262100 ms MarkObjects: 1.941500 ms  DeleteObjects: 0.099600 ms)

========================================================================
Received Prepare
Registering precompiled user dll's ...
Registered in 0.002593 seconds.
Begin MonoManager ReloadAssembly
Native extension for WindowsStandalone target not found
Native extension for WebGL target not found
Refreshing native plugins compatible for Editor in 0.56 ms, found 1 plugins.
Preloading 0 native plugins for Editor in 0.00 ms.
Invoked RoslynAnalysisRunner static constructor.
RoslynAnalysisRunner will not be running.
RoslynAnalysisRunner has terminated.
Mono: successfully reloaded assembly
- Completed reload, in  0.803 seconds
Platform modules already initialized, skipping
Shader 'Universal Render Pipeline/Particles/Lit': fallback shader 'Universal Render Pipeline/Particles/SimpleLit' not found
Refreshing native plugins compatible for Editor in 0.68 ms, found 1 plugins.
Preloading 0 native plugins for Editor in 0.00 ms.
Unloading 3241 Unused Serialized files (Serialized files now loaded: 0)
System memory in use before: 163.9 MB.
System memory in use after: 164.1 MB.

Unloading 13 unused Assets to reduce memory usage. Loaded Objects now: 3885.
Total: 2.576700 ms (FindLiveObjects: 0.344300 ms CreateObjectMapping: 0.082000 ms MarkObjects: 2.045800 ms  DeleteObjects: 0.103900 ms)

========================================================================
Received Prepare
Registering precompiled user dll's ...
Registered in 0.002073 seconds.
Begin MonoManager ReloadAssembly
Native extension for WindowsStandalone target not found
Native extension for WebGL target not found
Refreshing native plugins compatible for Editor in 0.56 ms, found 1 plugins.
Preloading 0 native plugins for Editor in 0.00 ms.
Invoked RoslynAnalysisRunner static constructor.
RoslynAnalysisRunner will not be running.
RoslynAnalysisRunner has terminated.
Mono: successfully reloaded assembly
- Completed reload, in  0.817 seconds
Platform modules already initialized, skipping
Shader 'Universal Render Pipeline/Particles/Lit': fallback shader 'Universal Render Pipeline/Particles/SimpleLit' not found
Refreshing native plugins compatible for Editor in 0.73 ms, found 1 plugins.
Preloading 0 native plugins for Editor in 0.00 ms.
Unloading 3241 Unused Serialized files (Serialized files now loaded: 0)
System memory in use before: 163.9 MB.
System memory in use after: 164.1 MB.

Unloading 13 unused Assets to reduce memory usage. Loaded Objects now: 3888.
Total: 2.937500 ms (FindLiveObjects: 0.427600 ms CreateObjectMapping: 0.079500 ms MarkObjects: 2.309200 ms  DeleteObjects: 0.119200 ms)

========================================================================
Received Prepare
Registering precompiled user dll's ...
Registered in 0.001950 seconds.
Begin MonoManager ReloadAssembly
Native extension for WindowsStandalone target not found
Native extension for WebGL target not found
Refreshing native plugins compatible for Editor in 0.59 ms, found 1 plugins.
Preloading 0 native plugins for Editor in 0.00 ms.
Invoked RoslynAnalysisRunner static constructor.
RoslynAnalysisRunner will not be running.
RoslynAnalysisRunner has terminated.
Mono: successfully reloaded assembly
- Completed reload, in  0.804 seconds
Platform modules already initialized, skipping
Shader 'Universal Render Pipeline/Particles/Lit': fallback shader 'Universal Render Pipeline/Particles/SimpleLit' not found
Refreshing native plugins compatible for Editor in 0.56 ms, found 1 plugins.
Preloading 0 native plugins for Editor in 0.00 ms.
Unloading 3241 Unused Serialized files (Serialized files now loaded: 0)
System memory in use before: 163.9 MB.
System memory in use after: 164.1 MB.

Unloading 13 unused Assets to reduce memory usage. Loaded Objects now: 3891.
Total: 2.534300 ms (FindLiveObjects: 0.322700 ms CreateObjectMapping: 0.089200 ms MarkObjects: 2.020700 ms  DeleteObjects: 0.100500 ms)

========================================================================
Received Prepare
Registering precompiled user dll's ...
Registered in 0.001852 seconds.
Begin MonoManager ReloadAssembly
Native extension for WindowsStandalone target not found
Native extension for WebGL target not found
Refreshing native plugins compatible for Editor in 0.57 ms, found 1 plugins.
Preloading 0 native plugins for Editor in 0.00 ms.
Invoked RoslynAnalysisRunner static constructor.
RoslynAnalysisRunner will not be running.
RoslynAnalysisRunner has terminated.
Mono: successfully reloaded assembly
- Completed reload, in  0.793 seconds
Platform modules already initialized, skipping
Shader 'Universal Render Pipeline/Particles/Lit': fallback shader 'Universal Render Pipeline/Particles/SimpleLit' not found
Refreshing native plugins compatible for Editor in 0.56 ms, found 1 plugins.
Preloading 0 native plugins for Editor in 0.00 ms.
Unloading 3241 Unused Serialized files (Serialized files now loaded: 0)
System memory in use before: 163.9 MB.
System memory in use after: 164.1 MB.

Unloading 13 unused Assets to reduce memory usage. Loaded Objects now: 3894.
Total: 2.516000 ms (FindLiveObjects: 0.311400 ms CreateObjectMapping: 0.079600 ms MarkObjects: 2.016700 ms  DeleteObjects: 0.107500 ms)

========================================================================
Received Prepare
Registering precompiled user dll's ...
Registered in 0.001962 seconds.
Begin MonoManager ReloadAssembly
Native extension for WindowsStandalone target not found
Native extension for WebGL target not found
Refreshing native plugins compatible for Editor in 0.57 ms, found 1 plugins.
Preloading 0 native plugins for Editor in 0.00 ms.
Invoked RoslynAnalysisRunner static constructor.
RoslynAnalysisRunner will not be running.
RoslynAnalysisRunner has terminated.
Mono: successfully reloaded assembly
- Completed reload, in  0.805 seconds
Platform modules already initialized, skipping
Shader 'Universal Render Pipeline/Particles/Lit': fallback shader 'Universal Render Pipeline/Particles/SimpleLit' not found
Refreshing native plugins compatible for Editor in 0.62 ms, found 1 plugins.
Preloading 0 native plugins for Editor in 0.00 ms.
Unloading 3241 Unused Serialized files (Serialized files now loaded: 0)
System memory in use before: 163.9 MB.
System memory in use after: 164.1 MB.

Unloading 13 unused Assets to reduce memory usage. Loaded Objects now: 3897.
Total: 2.673400 ms (FindLiveObjects: 0.442800 ms CreateObjectMapping: 0.078800 ms MarkObjects: 2.039200 ms  DeleteObjects: 0.111100 ms)

========================================================================
Received Prepare
Registering precompiled user dll's ...
Registered in 0.001825 seconds.
Begin MonoManager ReloadAssembly
Native extension for WindowsStandalone target not found
Native extension for WebGL target not found
Refreshing native plugins compatible for Editor in 0.62 ms, found 1 plugins.
Preloading 0 native plugins for Editor in 0.00 ms.
Invoked RoslynAnalysisRunner static constructor.
RoslynAnalysisRunner will not be running.
RoslynAnalysisRunner has terminated.
Mono: successfully reloaded assembly
- Completed reload, in  0.794 seconds
Platform modules already initialized, skipping
Shader 'Universal Render Pipeline/Particles/Lit': fallback shader 'Universal Render Pipeline/Particles/SimpleLit' not found
Refreshing native plugins compatible for Editor in 0.57 ms, found 1 plugins.
Preloading 0 native plugins for Editor in 0.00 ms.
Unloading 3241 Unused Serialized files (Serialized files now loaded: 0)
System memory in use before: 163.9 MB.
System memory in use after: 164.1 MB.

Unloading 13 unused Assets to reduce memory usage. Loaded Objects now: 3900.
Total: 2.929600 ms (FindLiveObjects: 0.512200 ms CreateObjectMapping: 0.111300 ms MarkObjects: 2.160300 ms  DeleteObjects: 0.144500 ms)

========================================================================
Received Prepare
Registering precompiled user dll's ...
Registered in 0.002021 seconds.
Begin MonoManager ReloadAssembly
Native extension for WindowsStandalone target not found
Native extension for WebGL target not found
Refreshing native plugins compatible for Editor in 0.58 ms, found 1 plugins.
Preloading 0 native plugins for Editor in 0.00 ms.
Invoked RoslynAnalysisRunner static constructor.
RoslynAnalysisRunner will not be running.
RoslynAnalysisRunner has terminated.
Mono: successfully reloaded assembly
- Completed reload, in  0.823 seconds
Platform modules already initialized, skipping
Shader 'Universal Render Pipeline/Particles/Lit': fallback shader 'Universal Render Pipeline/Particles/SimpleLit' not found
Refreshing native plugins compatible for Editor in 0.57 ms, found 1 plugins.
Preloading 0 native plugins for Editor in 0.00 ms.
Unloading 3241 Unused Serialized files (Serialized files now loaded: 0)
System memory in use before: 163.9 MB.
System memory in use after: 164.1 MB.

Unloading 13 unused Assets to reduce memory usage. Loaded Objects now: 3903.
Total: 2.398800 ms (FindLiveObjects: 0.344100 ms CreateObjectMapping: 0.076600 ms MarkObjects: 1.874700 ms  DeleteObjects: 0.102500 ms)

========================================================================
Received Prepare
Registering precompiled user dll's ...
Registered in 0.001840 seconds.
Begin MonoManager ReloadAssembly
Native extension for WindowsStandalone target not found
Native extension for WebGL target not found
Refreshing native plugins compatible for Editor in 0.56 ms, found 1 plugins.
Preloading 0 native plugins for Editor in 0.00 ms.
Invoked RoslynAnalysisRunner static constructor.
RoslynAnalysisRunner will not be running.
RoslynAnalysisRunner has terminated.
Mono: successfully reloaded assembly
- Completed reload, in  0.793 seconds
Platform modules already initialized, skipping
Shader 'Universal Render Pipeline/Particles/Lit': fallback shader 'Universal Render Pipeline/Particles/SimpleLit' not found
Refreshing native plugins compatible for Editor in 0.57 ms, found 1 plugins.
Preloading 0 native plugins for Editor in 0.00 ms.
Unloading 3241 Unused Serialized files (Serialized files now loaded: 0)
System memory in use before: 164.0 MB.
System memory in use after: 164.1 MB.

Unloading 13 unused Assets to reduce memory usage. Loaded Objects now: 3906.
Total: 2.338400 ms (FindLiveObjects: 0.334200 ms CreateObjectMapping: 0.086900 ms MarkObjects: 1.820400 ms  DeleteObjects: 0.096200 ms)

========================================================================
Received Prepare
Registering precompiled user dll's ...
Registered in 0.001871 seconds.
Begin MonoManager ReloadAssembly
Native extension for WindowsStandalone target not found
Native extension for WebGL target not found
Refreshing native plugins compatible for Editor in 0.57 ms, found 1 plugins.
Preloading 0 native plugins for Editor in 0.00 ms.
Invoked RoslynAnalysisRunner static constructor.
RoslynAnalysisRunner will not be running.
RoslynAnalysisRunner has terminated.
Mono: successfully reloaded assembly
- Completed reload, in  0.818 seconds
Platform modules already initialized, skipping
Shader 'Universal Render Pipeline/Particles/Lit': fallback shader 'Universal Render Pipeline/Particles/SimpleLit' not found
Refreshing native plugins compatible for Editor in 0.67 ms, found 1 plugins.
Preloading 0 native plugins for Editor in 0.00 ms.
Unloading 3241 Unused Serialized files (Serialized files now loaded: 0)
System memory in use before: 164.0 MB.
System memory in use after: 164.1 MB.

Unloading 13 unused Assets to reduce memory usage. Loaded Objects now: 3909.
Total: 2.589000 ms (FindLiveObjects: 0.441600 ms CreateObjectMapping: 0.084000 ms MarkObjects: 1.949800 ms  DeleteObjects: 0.112000 ms)

========================================================================
Received Prepare
Registering precompiled user dll's ...
Registered in 0.001852 seconds.
Begin MonoManager ReloadAssembly
Native extension for WindowsStandalone target not found
Native extension for WebGL target not found
Refreshing native plugins compatible for Editor in 0.57 ms, found 1 plugins.
Preloading 0 native plugins for Editor in 0.00 ms.
Invoked RoslynAnalysisRunner static constructor.
RoslynAnalysisRunner will not be running.
RoslynAnalysisRunner has terminated.
Mono: successfully reloaded assembly
- Completed reload, in  0.799 seconds
Platform modules already initialized, skipping
Shader 'Universal Render Pipeline/Particles/Lit': fallback shader 'Universal Render Pipeline/Particles/SimpleLit' not found
Refreshing native plugins compatible for Editor in 0.62 ms, found 1 plugins.
Preloading 0 native plugins for Editor in 0.00 ms.
Unloading 3241 Unused Serialized files (Serialized files now loaded: 0)
System memory in use before: 164.0 MB.
System memory in use after: 164.1 MB.

Unloading 13 unused Assets to reduce memory usage. Loaded Objects now: 3912.
Total: 2.590000 ms (FindLiveObjects: 0.340200 ms CreateObjectMapping: 0.078400 ms MarkObjects: 2.069900 ms  DeleteObjects: 0.100600 ms)

========================================================================
Received Prepare
Registering precompiled user dll's ...
Registered in 0.003129 seconds.
Begin MonoManager ReloadAssembly
Native extension for WindowsStandalone target not found
Native extension for WebGL target not found
Refreshing native plugins compatible for Editor in 0.60 ms, found 1 plugins.
Preloading 0 native plugins for Editor in 0.00 ms.
Invoked RoslynAnalysisRunner static constructor.
RoslynAnalysisRunner will not be running.
RoslynAnalysisRunner has terminated.
Mono: successfully reloaded assembly
- Completed reload, in  0.799 seconds
Platform modules already initialized, skipping
Shader 'Universal Render Pipeline/Particles/Lit': fallback shader 'Universal Render Pipeline/Particles/SimpleLit' not found
Refreshing native plugins compatible for Editor in 0.65 ms, found 1 plugins.
Preloading 0 native plugins for Editor in 0.00 ms.
Unloading 3241 Unused Serialized files (Serialized files now loaded: 0)
System memory in use before: 164.0 MB.
System memory in use after: 164.1 MB.

Unloading 13 unused Assets to reduce memory usage. Loaded Objects now: 3915.
Total: 3.029100 ms (FindLiveObjects: 0.475500 ms CreateObjectMapping: 0.085200 ms MarkObjects: 2.343100 ms  DeleteObjects: 0.123800 ms)

========================================================================
Received Prepare
Registering precompiled user dll's ...
Registered in 0.001887 seconds.
Begin MonoManager ReloadAssembly
Native extension for WindowsStandalone target not found
Native extension for WebGL target not found
Refreshing native plugins compatible for Editor in 0.82 ms, found 1 plugins.
Preloading 0 native plugins for Editor in 0.00 ms.
Invoked RoslynAnalysisRunner static constructor.
RoslynAnalysisRunner will not be running.
RoslynAnalysisRunner has terminated.
Mono: successfully reloaded assembly
- Completed reload, in  0.814 seconds
Platform modules already initialized, skipping
Shader 'Universal Render Pipeline/Particles/Lit': fallback shader 'Universal Render Pipeline/Particles/SimpleLit' not found
Refreshing native plugins compatible for Editor in 0.57 ms, found 1 plugins.
Preloading 0 native plugins for Editor in 0.00 ms.
Unloading 3241 Unused Serialized files (Serialized files now loaded: 0)
System memory in use before: 164.0 MB.
System memory in use after: 164.1 MB.

Unloading 13 unused Assets to reduce memory usage. Loaded Objects now: 3918.
Total: 2.472000 ms (FindLiveObjects: 0.386700 ms CreateObjectMapping: 0.078900 ms MarkObjects: 1.893200 ms  DeleteObjects: 0.112000 ms)

========================================================================
Received Prepare
Registering precompiled user dll's ...
Registered in 0.002086 seconds.
Begin MonoManager ReloadAssembly
Native extension for WindowsStandalone target not found
Native extension for WebGL target not found
Refreshing native plugins compatible for Editor in 0.57 ms, found 1 plugins.
Preloading 0 native plugins for Editor in 0.00 ms.
Invoked RoslynAnalysisRunner static constructor.
RoslynAnalysisRunner will not be running.
RoslynAnalysisRunner has terminated.
Mono: successfully reloaded assembly
- Completed reload, in  0.800 seconds
Platform modules already initialized, skipping
Shader 'Universal Render Pipeline/Particles/Lit': fallback shader 'Universal Render Pipeline/Particles/SimpleLit' not found
Refreshing native plugins compatible for Editor in 0.56 ms, found 1 plugins.
Preloading 0 native plugins for Editor in 0.00 ms.
Unloading 3241 Unused Serialized files (Serialized files now loaded: 0)
System memory in use before: 164.0 MB.
System memory in use after: 164.1 MB.

Unloading 13 unused Assets to reduce memory usage. Loaded Objects now: 3921.
Total: 2.329700 ms (FindLiveObjects: 0.317200 ms CreateObjectMapping: 0.078500 ms MarkObjects: 1.836100 ms  DeleteObjects: 0.096700 ms)

========================================================================
Received Prepare
Registering precompiled user dll's ...
Registered in 0.001885 seconds.
Begin MonoManager ReloadAssembly
Native extension for WindowsStandalone target not found
Native extension for WebGL target not found
Refreshing native plugins compatible for Editor in 0.57 ms, found 1 plugins.
Preloading 0 native plugins for Editor in 0.00 ms.
Invoked RoslynAnalysisRunner static constructor.
RoslynAnalysisRunner will not be running.
RoslynAnalysisRunner has terminated.
Mono: successfully reloaded assembly
- Completed reload, in  0.790 seconds
Platform modules already initialized, skipping
Shader 'Universal Render Pipeline/Particles/Lit': fallback shader 'Universal Render Pipeline/Particles/SimpleLit' not found
Refreshing native plugins compatible for Editor in 0.66 ms, found 1 plugins.
Preloading 0 native plugins for Editor in 0.00 ms.
Unloading 3241 Unused Serialized files (Serialized files now loaded: 0)
System memory in use before: 164.0 MB.
System memory in use after: 164.2 MB.

Unloading 13 unused Assets to reduce memory usage. Loaded Objects now: 3924.
Total: 3.922600 ms (FindLiveObjects: 0.522200 ms CreateObjectMapping: 0.109900 ms MarkObjects: 3.135500 ms  DeleteObjects: 0.152700 ms)

========================================================================
Received Prepare
Registering precompiled user dll's ...
Registered in 0.001861 seconds.
Begin MonoManager ReloadAssembly
Native extension for WindowsStandalone target not found
Native extension for WebGL target not found
Refreshing native plugins compatible for Editor in 0.60 ms, found 1 plugins.
Preloading 0 native plugins for Editor in 0.00 ms.
Invoked RoslynAnalysisRunner static constructor.
RoslynAnalysisRunner will not be running.
RoslynAnalysisRunner has terminated.
Mono: successfully reloaded assembly
- Completed reload, in  0.802 seconds
Platform modules already initialized, skipping
Shader 'Universal Render Pipeline/Particles/Lit': fallback shader 'Universal Render Pipeline/Particles/SimpleLit' not found
Refreshing native plugins compatible for Editor in 0.72 ms, found 1 plugins.
Preloading 0 native plugins for Editor in 0.00 ms.
Unloading 3241 Unused Serialized files (Serialized files now loaded: 0)
System memory in use before: 164.0 MB.
System memory in use after: 164.2 MB.

Unloading 13 unused Assets to reduce memory usage. Loaded Objects now: 3927.
Total: 2.659200 ms (FindLiveObjects: 0.359100 ms CreateObjectMapping: 0.080400 ms MarkObjects: 2.101500 ms  DeleteObjects: 0.117100 ms)

========================================================================
Received Prepare
Registering precompiled user dll's ...
Registered in 0.001916 seconds.
Begin MonoManager ReloadAssembly
Native extension for WindowsStandalone target not found
Native extension for WebGL target not found
Refreshing native plugins compatible for Editor in 0.62 ms, found 1 plugins.
Preloading 0 native plugins for Editor in 0.00 ms.
Invoked RoslynAnalysisRunner static constructor.
RoslynAnalysisRunner will not be running.
RoslynAnalysisRunner has terminated.
Mono: successfully reloaded assembly
- Completed reload, in  0.815 seconds
Platform modules already initialized, skipping
Shader 'Universal Render Pipeline/Particles/Lit': fallback shader 'Universal Render Pipeline/Particles/SimpleLit' not found
Refreshing native plugins compatible for Editor in 0.66 ms, found 1 plugins.
Preloading 0 native plugins for Editor in 0.00 ms.
Unloading 3241 Unused Serialized files (Serialized files now loaded: 0)
System memory in use before: 164.0 MB.
System memory in use after: 164.2 MB.

Unloading 13 unused Assets to reduce memory usage. Loaded Objects now: 3930.
Total: 2.582100 ms (FindLiveObjects: 0.420300 ms CreateObjectMapping: 0.077800 ms MarkObjects: 1.968800 ms  DeleteObjects: 0.114400 ms)

========================================================================
Received Prepare
Registering precompiled user dll's ...
Registered in 0.001926 seconds.
Begin MonoManager ReloadAssembly
Native extension for WindowsStandalone target not found
Native extension for WebGL target not found
Refreshing native plugins compatible for Editor in 0.62 ms, found 1 plugins.
Preloading 0 native plugins for Editor in 0.00 ms.
Invoked RoslynAnalysisRunner static constructor.
RoslynAnalysisRunner will not be running.
RoslynAnalysisRunner has terminated.
Mono: successfully reloaded assembly
- Completed reload, in  0.827 seconds
Platform modules already initialized, skipping
Shader 'Universal Render Pipeline/Particles/Lit': fallback shader 'Universal Render Pipeline/Particles/SimpleLit' not found
Refreshing native plugins compatible for Editor in 0.56 ms, found 1 plugins.
Preloading 0 native plugins for Editor in 0.00 ms.
Unloading 3241 Unused Serialized files (Serialized files now loaded: 0)
System memory in use before: 164.0 MB.
System memory in use after: 164.2 MB.

Unloading 13 unused Assets to reduce memory usage. Loaded Objects now: 3933.
Total: 2.483500 ms (FindLiveObjects: 0.295900 ms CreateObjectMapping: 0.081100 ms MarkObjects: 2.009300 ms  DeleteObjects: 0.096300 ms)

========================================================================
Received Prepare
Registering precompiled user dll's ...
Registered in 0.002659 seconds.
Begin MonoManager ReloadAssembly
Native extension for WindowsStandalone target not found
Native extension for WebGL target not found
Refreshing native plugins compatible for Editor in 0.63 ms, found 1 plugins.
Preloading 0 native plugins for Editor in 0.00 ms.
Invoked RoslynAnalysisRunner static constructor.
RoslynAnalysisRunner will not be running.
RoslynAnalysisRunner has terminated.
Mono: successfully reloaded assembly
- Completed reload, in  0.799 seconds
Platform modules already initialized, skipping
Shader 'Universal Render Pipeline/Particles/Lit': fallback shader 'Universal Render Pipeline/Particles/SimpleLit' not found
Refreshing native plugins compatible for Editor in 0.56 ms, found 1 plugins.
Preloading 0 native plugins for Editor in 0.00 ms.
Unloading 3241 Unused Serialized files (Serialized files now loaded: 0)
System memory in use before: 164.0 MB.
System memory in use after: 164.2 MB.

Unloading 13 unused Assets to reduce memory usage. Loaded Objects now: 3936.
Total: 2.675600 ms (FindLiveObjects: 0.390000 ms CreateObjectMapping: 0.082400 ms MarkObjects: 2.090900 ms  DeleteObjects: 0.111400 ms)

========================================================================
Received Prepare
Registering precompiled user dll's ...
Registered in 0.001861 seconds.
Begin MonoManager ReloadAssembly
Native extension for WindowsStandalone target not found
Native extension for WebGL target not found
Refreshing native plugins compatible for Editor in 0.59 ms, found 1 plugins.
Preloading 0 native plugins for Editor in 0.00 ms.
Invoked RoslynAnalysisRunner static constructor.
RoslynAnalysisRunner will not be running.
RoslynAnalysisRunner has terminated.
Mono: successfully reloaded assembly
- Completed reload, in  0.814 seconds
Platform modules already initialized, skipping
Shader 'Universal Render Pipeline/Particles/Lit': fallback shader 'Universal Render Pipeline/Particles/SimpleLit' not found
Refreshing native plugins compatible for Editor in 0.58 ms, found 1 plugins.
Preloading 0 native plugins for Editor in 0.00 ms.
Unloading 3241 Unused Serialized files (Serialized files now loaded: 0)
System memory in use before: 164.1 MB.
System memory in use after: 164.2 MB.

Unloading 13 unused Assets to reduce memory usage. Loaded Objects now: 3939.
Total: 2.581000 ms (FindLiveObjects: 0.319900 ms CreateObjectMapping: 0.082000 ms MarkObjects: 2.083200 ms  DeleteObjects: 0.094900 ms)

========================================================================
Received Prepare
Registering precompiled user dll's ...
Registered in 0.001820 seconds.
Begin MonoManager ReloadAssembly
Native extension for WindowsStandalone target not found
Native extension for WebGL target not found
Refreshing native plugins compatible for Editor in 0.57 ms, found 1 plugins.
Preloading 0 native plugins for Editor in 0.00 ms.
Invoked RoslynAnalysisRunner static constructor.
RoslynAnalysisRunner will not be running.
RoslynAnalysisRunner has terminated.
Mono: successfully reloaded assembly
- Completed reload, in  0.785 seconds
Platform modules already initialized, skipping
Shader 'Universal Render Pipeline/Particles/Lit': fallback shader 'Universal Render Pipeline/Particles/SimpleLit' not found
Refreshing native plugins compatible for Editor in 0.56 ms, found 1 plugins.
Preloading 0 native plugins for Editor in 0.00 ms.
Unloading 3241 Unused Serialized files (Serialized files now loaded: 0)
System memory in use before: 164.1 MB.
System memory in use after: 164.2 MB.

Unloading 13 unused Assets to reduce memory usage. Loaded Objects now: 3942.
Total: 2.521000 ms (FindLiveObjects: 0.336000 ms CreateObjectMapping: 0.080100 ms MarkObjects: 2.000500 ms  DeleteObjects: 0.103200 ms)

========================================================================
Received Prepare
Registering precompiled user dll's ...
Registered in 0.001878 seconds.
Begin MonoManager ReloadAssembly
Native extension for WindowsStandalone target not found
Native extension for WebGL target not found
Refreshing native plugins compatible for Editor in 0.58 ms, found 1 plugins.
Preloading 0 native plugins for Editor in 0.00 ms.
Invoked RoslynAnalysisRunner static constructor.
RoslynAnalysisRunner will not be running.
RoslynAnalysisRunner has terminated.
Mono: successfully reloaded assembly
- Completed reload, in  0.819 seconds
Platform modules already initialized, skipping
Shader 'Universal Render Pipeline/Particles/Lit': fallback shader 'Universal Render Pipeline/Particles/SimpleLit' not found
Refreshing native plugins compatible for Editor in 0.76 ms, found 1 plugins.
Preloading 0 native plugins for Editor in 0.00 ms.
Unloading 3241 Unused Serialized files (Serialized files now loaded: 0)
System memory in use before: 164.1 MB.
System memory in use after: 164.2 MB.

Unloading 13 unused Assets to reduce memory usage. Loaded Objects now: 3945.
Total: 2.875100 ms (FindLiveObjects: 0.464200 ms CreateObjectMapping: 0.085600 ms MarkObjects: 2.208300 ms  DeleteObjects: 0.115400 ms)

========================================================================
Received Prepare
Registering precompiled user dll's ...
Registered in 0.001877 seconds.
Begin MonoManager ReloadAssembly
Native extension for WindowsStandalone target not found
Native extension for WebGL target not found
Refreshing native plugins compatible for Editor in 0.60 ms, found 1 plugins.
Preloading 0 native plugins for Editor in 0.00 ms.
Invoked RoslynAnalysisRunner static constructor.
RoslynAnalysisRunner will not be running.
RoslynAnalysisRunner has terminated.
Mono: successfully reloaded assembly
- Completed reload, in  0.798 seconds
Platform modules already initialized, skipping
Shader 'Universal Render Pipeline/Particles/Lit': fallback shader 'Universal Render Pipeline/Particles/SimpleLit' not found
Refreshing native plugins compatible for Editor in 0.56 ms, found 1 plugins.
Preloading 0 native plugins for Editor in 0.00 ms.
Unloading 3241 Unused Serialized files (Serialized files now loaded: 0)
System memory in use before: 164.1 MB.
System memory in use after: 164.2 MB.

Unloading 13 unused Assets to reduce memory usage. Loaded Objects now: 3948.
Total: 2.646100 ms (FindLiveObjects: 0.400900 ms CreateObjectMapping: 0.079500 ms MarkObjects: 2.055400 ms  DeleteObjects: 0.109200 ms)

========================================================================
Received Prepare
Registering precompiled user dll's ...
Registered in 0.002026 seconds.
Begin MonoManager ReloadAssembly
Native extension for WindowsStandalone target not found
Native extension for WebGL target not found
Refreshing native plugins compatible for Editor in 0.61 ms, found 1 plugins.
Preloading 0 native plugins for Editor in 0.00 ms.
Invoked RoslynAnalysisRunner static constructor.
RoslynAnalysisRunner will not be running.
RoslynAnalysisRunner has terminated.
Mono: successfully reloaded assembly
- Completed reload, in  0.840 seconds
Platform modules already initialized, skipping
Shader 'Universal Render Pipeline/Particles/Lit': fallback shader 'Universal Render Pipeline/Particles/SimpleLit' not found
Refreshing native plugins compatible for Editor in 0.61 ms, found 1 plugins.
Preloading 0 native plugins for Editor in 0.00 ms.
Unloading 3241 Unused Serialized files (Serialized files now loaded: 0)
System memory in use before: 164.1 MB.
System memory in use after: 164.3 MB.

Unloading 13 unused Assets to reduce memory usage. Loaded Objects now: 3951.
Total: 2.679100 ms (FindLiveObjects: 0.371600 ms CreateObjectMapping: 0.085000 ms MarkObjects: 2.110300 ms  DeleteObjects: 0.111100 ms)

========================================================================
Received Prepare
Registering precompiled user dll's ...
Registered in 0.002008 seconds.
Begin MonoManager ReloadAssembly
Native extension for WindowsStandalone target not found
Native extension for WebGL target not found
Refreshing native plugins compatible for Editor in 0.60 ms, found 1 plugins.
Preloading 0 native plugins for Editor in 0.00 ms.
Invoked RoslynAnalysisRunner static constructor.
RoslynAnalysisRunner will not be running.
RoslynAnalysisRunner has terminated.
Mono: successfully reloaded assembly
- Completed reload, in  0.790 seconds
Platform modules already initialized, skipping
Shader 'Universal Render Pipeline/Particles/Lit': fallback shader 'Universal Render Pipeline/Particles/SimpleLit' not found
Refreshing native plugins compatible for Editor in 0.58 ms, found 1 plugins.
Preloading 0 native plugins for Editor in 0.00 ms.
Unloading 3241 Unused Serialized files (Serialized files now loaded: 0)
System memory in use before: 164.1 MB.
System memory in use after: 164.3 MB.

Unloading 13 unused Assets to reduce memory usage. Loaded Objects now: 3954.
Total: 2.725500 ms (FindLiveObjects: 0.406400 ms CreateObjectMapping: 0.083600 ms MarkObjects: 2.127600 ms  DeleteObjects: 0.106900 ms)

========================================================================
Received Prepare
Registering precompiled user dll's ...
Registered in 0.002039 seconds.
Begin MonoManager ReloadAssembly
Native extension for WindowsStandalone target not found
Native extension for WebGL target not found
Refreshing native plugins compatible for Editor in 0.59 ms, found 1 plugins.
Preloading 0 native plugins for Editor in 0.00 ms.
Invoked RoslynAnalysisRunner static constructor.
RoslynAnalysisRunner will not be running.
RoslynAnalysisRunner has terminated.
Mono: successfully reloaded assembly
- Completed reload, in  0.818 seconds
Platform modules already initialized, skipping
Shader 'Universal Render Pipeline/Particles/Lit': fallback shader 'Universal Render Pipeline/Particles/SimpleLit' not found
Refreshing native plugins compatible for Editor in 0.60 ms, found 1 plugins.
Preloading 0 native plugins for Editor in 0.00 ms.
Unloading 3241 Unused Serialized files (Serialized files now loaded: 0)
System memory in use before: 164.1 MB.
System memory in use after: 164.3 MB.

Unloading 13 unused Assets to reduce memory usage. Loaded Objects now: 3957.
Total: 2.402200 ms (FindLiveObjects: 0.373700 ms CreateObjectMapping: 0.080800 ms MarkObjects: 1.851100 ms  DeleteObjects: 0.095600 ms)

========================================================================
Received Prepare
Registering precompiled user dll's ...
Registered in 0.001881 seconds.
Begin MonoManager ReloadAssembly
Native extension for WindowsStandalone target not found
Native extension for WebGL target not found
Refreshing native plugins compatible for Editor in 0.56 ms, found 1 plugins.
Preloading 0 native plugins for Editor in 0.00 ms.
Invoked RoslynAnalysisRunner static constructor.
RoslynAnalysisRunner will not be running.
RoslynAnalysisRunner has terminated.
Mono: successfully reloaded assembly
- Completed reload, in  0.812 seconds
Platform modules already initialized, skipping
Shader 'Universal Render Pipeline/Particles/Lit': fallback shader 'Universal Render Pipeline/Particles/SimpleLit' not found
Refreshing native plugins compatible for Editor in 0.56 ms, found 1 plugins.
Preloading 0 native plugins for Editor in 0.00 ms.
Unloading 3241 Unused Serialized files (Serialized files now loaded: 0)
System memory in use before: 164.1 MB.
System memory in use after: 164.3 MB.

Unloading 13 unused Assets to reduce memory usage. Loaded Objects now: 3960.
Total: 2.819400 ms (FindLiveObjects: 0.515700 ms CreateObjectMapping: 0.111200 ms MarkObjects: 2.079900 ms  DeleteObjects: 0.111800 ms)

========================================================================
Received Prepare
Registering precompiled user dll's ...
Registered in 0.002269 seconds.
Begin MonoManager ReloadAssembly
Native extension for WindowsStandalone target not found
Native extension for WebGL target not found
Refreshing native plugins compatible for Editor in 0.58 ms, found 1 plugins.
Preloading 0 native plugins for Editor in 0.00 ms.
Invoked RoslynAnalysisRunner static constructor.
RoslynAnalysisRunner will not be running.
RoslynAnalysisRunner has terminated.
Mono: successfully reloaded assembly
- Completed reload, in  0.831 seconds
Platform modules already initialized, skipping
Shader 'Universal Render Pipeline/Particles/Lit': fallback shader 'Universal Render Pipeline/Particles/SimpleLit' not found
Refreshing native plugins compatible for Editor in 0.69 ms, found 1 plugins.
Preloading 0 native plugins for Editor in 0.00 ms.
Unloading 3241 Unused Serialized files (Serialized files now loaded: 0)
System memory in use before: 164.1 MB.
System memory in use after: 164.3 MB.

Unloading 13 unused Assets to reduce memory usage. Loaded Objects now: 3963.
Total: 2.783900 ms (FindLiveObjects: 0.415800 ms CreateObjectMapping: 0.096000 ms MarkObjects: 2.165200 ms  DeleteObjects: 0.105500 ms)

========================================================================
Received Prepare
Registering precompiled user dll's ...
Registered in 0.002054 seconds.
Begin MonoManager ReloadAssembly
Native extension for WindowsStandalone target not found
Native extension for WebGL target not found
Refreshing native plugins compatible for Editor in 0.96 ms, found 1 plugins.
Preloading 0 native plugins for Editor in 0.00 ms.
Invoked RoslynAnalysisRunner static constructor.
RoslynAnalysisRunner will not be running.
RoslynAnalysisRunner has terminated.
Mono: successfully reloaded assembly
- Completed reload, in  0.890 seconds
Platform modules already initialized, skipping
Shader 'Universal Render Pipeline/Particles/Lit': fallback shader 'Universal Render Pipeline/Particles/SimpleLit' not found
Refreshing native plugins compatible for Editor in 0.60 ms, found 1 plugins.
Preloading 0 native plugins for Editor in 0.00 ms.
Unloading 3241 Unused Serialized files (Serialized files now loaded: 0)
System memory in use before: 164.1 MB.
System memory in use after: 164.3 MB.

Unloading 13 unused Assets to reduce memory usage. Loaded Objects now: 3966.
Total: 2.652100 ms (FindLiveObjects: 0.507800 ms CreateObjectMapping: 0.099400 ms MarkObjects: 1.936800 ms  DeleteObjects: 0.106900 ms)

========================================================================
Received Prepare
Registering precompiled user dll's ...
Registered in 0.001914 seconds.
Begin MonoManager ReloadAssembly
Native extension for WindowsStandalone target not found
Native extension for WebGL target not found
Refreshing native plugins compatible for Editor in 0.58 ms, found 1 plugins.
Preloading 0 native plugins for Editor in 0.00 ms.
Invoked RoslynAnalysisRunner static constructor.
RoslynAnalysisRunner will not be running.
RoslynAnalysisRunner has terminated.
Mono: successfully reloaded assembly
- Completed reload, in  0.818 seconds
Platform modules already initialized, skipping
Shader 'Universal Render Pipeline/Particles/Lit': fallback shader 'Universal Render Pipeline/Particles/SimpleLit' not found
Refreshing native plugins compatible for Editor in 0.58 ms, found 1 plugins.
Preloading 0 native plugins for Editor in 0.00 ms.
Unloading 3241 Unused Serialized files (Serialized files now loaded: 0)
System memory in use before: 164.2 MB.
System memory in use after: 164.3 MB.

Unloading 13 unused Assets to reduce memory usage. Loaded Objects now: 3969.
Total: 2.806400 ms (FindLiveObjects: 0.443000 ms CreateObjectMapping: 0.092200 ms MarkObjects: 2.138800 ms  DeleteObjects: 0.131400 ms)

========================================================================
Received Prepare
Registering precompiled user dll's ...
Registered in 0.001810 seconds.
Begin MonoManager ReloadAssembly
Native extension for WindowsStandalone target not found
Native extension for WebGL target not found
Refreshing native plugins compatible for Editor in 0.58 ms, found 1 plugins.
Preloading 0 native plugins for Editor in 0.00 ms.
Invoked RoslynAnalysisRunner static constructor.
RoslynAnalysisRunner will not be running.
RoslynAnalysisRunner has terminated.
Mono: successfully reloaded assembly
- Completed reload, in  0.850 seconds
Platform modules already initialized, skipping
Shader 'Universal Render Pipeline/Particles/Lit': fallback shader 'Universal Render Pipeline/Particles/SimpleLit' not found
Refreshing native plugins compatible for Editor in 0.76 ms, found 1 plugins.
Preloading 0 native plugins for Editor in 0.00 ms.
Unloading 3241 Unused Serialized files (Serialized files now loaded: 0)
System memory in use before: 164.2 MB.
System memory in use after: 164.3 MB.

Unloading 13 unused Assets to reduce memory usage. Loaded Objects now: 3972.
Total: 2.777700 ms (FindLiveObjects: 0.385200 ms CreateObjectMapping: 0.080600 ms MarkObjects: 2.190900 ms  DeleteObjects: 0.119700 ms)

========================================================================
Received Prepare
Registering precompiled user dll's ...
Registered in 0.002508 seconds.
Begin MonoManager ReloadAssembly
Native extension for WindowsStandalone target not found
Native extension for WebGL target not found
Refreshing native plugins compatible for Editor in 0.61 ms, found 1 plugins.
Preloading 0 native plugins for Editor in 0.00 ms.
Invoked RoslynAnalysisRunner static constructor.
RoslynAnalysisRunner will not be running.
RoslynAnalysisRunner has terminated.
Mono: successfully reloaded assembly
- Completed reload, in  0.813 seconds
Platform modules already initialized, skipping
Shader 'Universal Render Pipeline/Particles/Lit': fallback shader 'Universal Render Pipeline/Particles/SimpleLit' not found
Refreshing native plugins compatible for Editor in 0.56 ms, found 1 plugins.
Preloading 0 native plugins for Editor in 0.00 ms.
Unloading 3241 Unused Serialized files (Serialized files now loaded: 0)
System memory in use before: 164.2 MB.
System memory in use after: 164.3 MB.

Unloading 13 unused Assets to reduce memory usage. Loaded Objects now: 3975.
Total: 2.527600 ms (FindLiveObjects: 0.381700 ms CreateObjectMapping: 0.094500 ms MarkObjects: 1.945200 ms  DeleteObjects: 0.105400 ms)

========================================================================
Received Prepare
Registering precompiled user dll's ...
Registered in 0.001974 seconds.
Begin MonoManager ReloadAssembly
Native extension for WindowsStandalone target not found
Native extension for WebGL target not found
Refreshing native plugins compatible for Editor in 0.68 ms, found 1 plugins.
Preloading 0 native plugins for Editor in 0.00 ms.
Invoked RoslynAnalysisRunner static constructor.
RoslynAnalysisRunner will not be running.
RoslynAnalysisRunner has terminated.
Mono: successfully reloaded assembly
- Completed reload, in  0.846 seconds
Platform modules already initialized, skipping
Shader 'Universal Render Pipeline/Particles/Lit': fallback shader 'Universal Render Pipeline/Particles/SimpleLit' not found
Refreshing native plugins compatible for Editor in 0.61 ms, found 1 plugins.
Preloading 0 native plugins for Editor in 0.00 ms.
Unloading 3241 Unused Serialized files (Serialized files now loaded: 0)
System memory in use before: 164.2 MB.
System memory in use after: 164.3 MB.

Unloading 13 unused Assets to reduce memory usage. Loaded Objects now: 3978.
Total: 3.041200 ms (FindLiveObjects: 0.517500 ms CreateObjectMapping: 0.118300 ms MarkObjects: 2.282000 ms  DeleteObjects: 0.122000 ms)

========================================================================
Received Prepare
Registering precompiled user dll's ...
Registered in 0.001794 seconds.
Begin MonoManager ReloadAssembly
Native extension for WindowsStandalone target not found
Native extension for WebGL target not found
Refreshing native plugins compatible for Editor in 0.65 ms, found 1 plugins.
Preloading 0 native plugins for Editor in 0.00 ms.
Invoked RoslynAnalysisRunner static constructor.
RoslynAnalysisRunner will not be running.
RoslynAnalysisRunner has terminated.
Mono: successfully reloaded assembly
- Completed reload, in  0.830 seconds
Platform modules already initialized, skipping
Shader 'Universal Render Pipeline/Particles/Lit': fallback shader 'Universal Render Pipeline/Particles/SimpleLit' not found
Refreshing native plugins compatible for Editor in 0.58 ms, found 1 plugins.
Preloading 0 native plugins for Editor in 0.00 ms.
Unloading 3241 Unused Serialized files (Serialized files now loaded: 0)
System memory in use before: 164.2 MB.
System memory in use after: 164.3 MB.

Unloading 13 unused Assets to reduce memory usage. Loaded Objects now: 3981.
Total: 2.667700 ms (FindLiveObjects: 0.386900 ms CreateObjectMapping: 0.082100 ms MarkObjects: 2.049100 ms  DeleteObjects: 0.148300 ms)

========================================================================
Received Import Request.
  Time since last request: 2694.941723 seconds.
  path: Assets/InputMaster.inputactions
  artifactKey: Guid(2b2bae236bf159e429571fee23ee2084) Importer(815301076,1909f56bfc062723c751e8b465ee728b)
Start importing Assets/InputMaster.inputactions using Guid(2b2bae236bf159e429571fee23ee2084) Importer(815301076,1909f56bfc062723c751e8b465ee728b)  -> (artifact id: 'd5983a6855bd06f7053aa0d1534a9552') in 0.021905 seconds
  Import took 0.027954 seconds .

========================================================================
Received Import Request.
  Time since last request: 0.000160 seconds.
  path: Assets/InputSystem.inputsettings.asset
  artifactKey: Guid(e0d935ceb3c960644bac2b0b7fcc4bc8) Importer(815301076,1909f56bfc062723c751e8b465ee728b)
Start importing Assets/InputSystem.inputsettings.asset using Guid(e0d935ceb3c960644bac2b0b7fcc4bc8) Importer(815301076,1909f56bfc062723c751e8b465ee728b)  -> (artifact id: '8ef7e566dcef6d4484e251605a04d97c') in 0.006071 seconds
  Import took 0.010746 seconds .

========================================================================
Received Import Request.
  Time since last request: 2.498111 seconds.
  path: Assets/ScrollList.cs
  artifactKey: Guid(59b9bcbafc49dcf40b37d27d48e22fd5) Importer(815301076,1909f56bfc062723c751e8b465ee728b)
Start importing Assets/ScrollList.cs using Guid(59b9bcbafc49dcf40b37d27d48e22fd5) Importer(815301076,1909f56bfc062723c751e8b465ee728b)  -> (artifact id: 'cb6f0d80ff0c62876110cfc52d514da8') in 0.006165 seconds
  Import took 0.011169 seconds .

========================================================================
Received Import Request.
  Time since last request: 0.016596 seconds.
  path: Assets/ScrollList.cs
  artifactKey: Guid(59b9bcbafc49dcf40b37d27d48e22fd5) Importer(815301076,1909f56bfc062723c751e8b465ee728b)
Start importing Assets/ScrollList.cs using Guid(59b9bcbafc49dcf40b37d27d48e22fd5) Importer(815301076,1909f56bfc062723c751e8b465ee728b)  -> (artifact id: 'cb6f0d80ff0c62876110cfc52d514da8') in 0.002610 seconds
  Import took 0.007215 seconds .

========================================================================
Received Import Request.
  Time since last request: 63.157938 seconds.
  path: Assets/ScrollList.cs
  artifactKey: Guid(59b9bcbafc49dcf40b37d27d48e22fd5) Importer(815301076,1909f56bfc062723c751e8b465ee728b)
Start importing Assets/ScrollList.cs using Guid(59b9bcbafc49dcf40b37d27d48e22fd5) Importer(815301076,1909f56bfc062723c751e8b465ee728b)  -> (artifact id: '72d08d16a931889788f2aa64e82d1503') in 0.002447 seconds
  Import took 0.007497 seconds .

========================================================================
Received Import Request.
  Time since last request: 209.195684 seconds.
  path: Assets/ScrollList.cs
  artifactKey: Guid(59b9bcbafc49dcf40b37d27d48e22fd5) Importer(815301076,1909f56bfc062723c751e8b465ee728b)
Start importing Assets/ScrollList.cs using Guid(59b9bcbafc49dcf40b37d27d48e22fd5) Importer(815301076,1909f56bfc062723c751e8b465ee728b)  -> (artifact id: 'ccfbe57ce287059fcfa5f18e2801671f') in 0.002999 seconds
  Import took 0.009195 seconds .

========================================================================
Received Import Request.
  Time since last request: 2.030674 seconds.
  path: Assets/InputMaster.inputactions
  artifactKey: Guid(2b2bae236bf159e429571fee23ee2084) Importer(815301076,1909f56bfc062723c751e8b465ee728b)
Start importing Assets/InputMaster.inputactions using Guid(2b2bae236bf159e429571fee23ee2084) Importer(815301076,1909f56bfc062723c751e8b465ee728b)  -> (artifact id: '307f14721c27c01ad4d04fe8dd23ae18') in 0.005540 seconds
  Import took 0.010748 seconds .

========================================================================
Received Import Request.
  Time since last request: 2.025212 seconds.
  path: Assets/InputMaster.inputactions
  artifactKey: Guid(2b2bae236bf159e429571fee23ee2084) Importer(815301076,1909f56bfc062723c751e8b465ee728b)
Start importing Assets/InputMaster.inputactions using Guid(2b2bae236bf159e429571fee23ee2084) Importer(815301076,1909f56bfc062723c751e8b465ee728b)  -> (artifact id: '88dda0acbd33e323c706bf1c51014b6c') in 0.003838 seconds
  Import took 0.008646 seconds .

========================================================================
Received Import Request.
  Time since last request: 3.301514 seconds.
  path: Assets/InputMaster.inputactions
  artifactKey: Guid(2b2bae236bf159e429571fee23ee2084) Importer(815301076,1909f56bfc062723c751e8b465ee728b)
Start importing Assets/InputMaster.inputactions using Guid(2b2bae236bf159e429571fee23ee2084) Importer(815301076,1909f56bfc062723c751e8b465ee728b)  -> (artifact id: '9d4cdfd473dcd84366bf65311a6ad1f0') in 0.003902 seconds
  Import took 0.008721 seconds .

========================================================================
Received Import Request.
  Time since last request: 2.132321 seconds.
  path: Assets/InputMaster.inputactions
  artifactKey: Guid(2b2bae236bf159e429571fee23ee2084) Importer(815301076,1909f56bfc062723c751e8b465ee728b)
Start importing Assets/InputMaster.inputactions using Guid(2b2bae236bf159e429571fee23ee2084) Importer(815301076,1909f56bfc062723c751e8b465ee728b)  -> (artifact id: '73de6f663ffd2592d2857c3962346da5') in 0.003629 seconds
  Import took 0.008615 seconds .

========================================================================
Received Import Request.
  Time since last request: 1.674910 seconds.
  path: Assets/InputMaster.inputactions
  artifactKey: Guid(2b2bae236bf159e429571fee23ee2084) Importer(815301076,1909f56bfc062723c751e8b465ee728b)
Start importing Assets/InputMaster.inputactions using Guid(2b2bae236bf159e429571fee23ee2084) Importer(815301076,1909f56bfc062723c751e8b465ee728b)  -> (artifact id: 'b5f3292c9d74916fc1672399fc1b444a') in 0.003874 seconds
  Import took 0.008592 seconds .

========================================================================
Received Import Request.
  Time since last request: 4.260542 seconds.
  path: Assets/InputMaster.inputactions
  artifactKey: Guid(2b2bae236bf159e429571fee23ee2084) Importer(815301076,1909f56bfc062723c751e8b465ee728b)
Start importing Assets/InputMaster.inputactions using Guid(2b2bae236bf159e429571fee23ee2084) Importer(815301076,1909f56bfc062723c751e8b465ee728b)  -> (artifact id: 'e43e778f8e850a7dfdc986bfb23f3986') in 0.003572 seconds
  Import took 0.008293 seconds .

========================================================================
Received Prepare
Registering precompiled user dll's ...
Registered in 0.001942 seconds.
Begin MonoManager ReloadAssembly
Native extension for WindowsStandalone target not found
Native extension for WebGL target not found
Refreshing native plugins compatible for Editor in 0.69 ms, found 1 plugins.
Preloading 0 native plugins for Editor in 0.00 ms.
Invoked RoslynAnalysisRunner static constructor.
RoslynAnalysisRunner will not be running.
RoslynAnalysisRunner has terminated.
Mono: successfully reloaded assembly
- Completed reload, in  0.838 seconds
Platform modules already initialized, skipping
Shader 'Universal Render Pipeline/Particles/Lit': fallback shader 'Universal Render Pipeline/Particles/SimpleLit' not found
Refreshing native plugins compatible for Editor in 0.59 ms, found 1 plugins.
Preloading 0 native plugins for Editor in 0.00 ms.
Unloading 3241 Unused Serialized files (Serialized files now loaded: 0)
System memory in use before: 164.2 MB.
System memory in use after: 164.4 MB.

Unloading 13 unused Assets to reduce memory usage. Loaded Objects now: 3984.
Total: 2.528700 ms (FindLiveObjects: 0.424900 ms CreateObjectMapping: 0.080500 ms MarkObjects: 1.919900 ms  DeleteObjects: 0.102000 ms)

========================================================================
Received Prepare
Registering precompiled user dll's ...
Registered in 0.002085 seconds.
Begin MonoManager ReloadAssembly
Native extension for WindowsStandalone target not found
Native extension for WebGL target not found
Refreshing native plugins compatible for Editor in 0.92 ms, found 1 plugins.
Preloading 0 native plugins for Editor in 0.00 ms.
Invoked RoslynAnalysisRunner static constructor.
RoslynAnalysisRunner will not be running.
RoslynAnalysisRunner has terminated.
Mono: successfully reloaded assembly
- Completed reload, in  0.866 seconds
Platform modules already initialized, skipping
Shader 'Universal Render Pipeline/Particles/Lit': fallback shader 'Universal Render Pipeline/Particles/SimpleLit' not found
Refreshing native plugins compatible for Editor in 0.58 ms, found 1 plugins.
Preloading 0 native plugins for Editor in 0.00 ms.
Unloading 3241 Unused Serialized files (Serialized files now loaded: 0)
System memory in use before: 164.2 MB.
System memory in use after: 164.4 MB.

Unloading 13 unused Assets to reduce memory usage. Loaded Objects now: 3987.
Total: 2.459000 ms (FindLiveObjects: 0.378100 ms CreateObjectMapping: 0.080500 ms MarkObjects: 1.893600 ms  DeleteObjects: 0.105800 ms)

========================================================================
Received Prepare
Registering precompiled user dll's ...
Registered in 0.001875 seconds.
Begin MonoManager ReloadAssembly
Native extension for WindowsStandalone target not found
Native extension for WebGL target not found
Refreshing native plugins compatible for Editor in 0.68 ms, found 1 plugins.
Preloading 0 native plugins for Editor in 0.00 ms.
Invoked RoslynAnalysisRunner static constructor.
RoslynAnalysisRunner will not be running.
RoslynAnalysisRunner has terminated.
Mono: successfully reloaded assembly
- Completed reload, in  0.815 seconds
Platform modules already initialized, skipping
Shader 'Universal Render Pipeline/Particles/Lit': fallback shader 'Universal Render Pipeline/Particles/SimpleLit' not found
Refreshing native plugins compatible for Editor in 0.58 ms, found 1 plugins.
Preloading 0 native plugins for Editor in 0.00 ms.
Unloading 3241 Unused Serialized files (Serialized files now loaded: 0)
System memory in use before: 164.2 MB.
System memory in use after: 164.4 MB.

Unloading 13 unused Assets to reduce memory usage. Loaded Objects now: 3990.
Total: 2.419800 ms (FindLiveObjects: 0.373900 ms CreateObjectMapping: 0.080600 ms MarkObjects: 1.862600 ms  DeleteObjects: 0.101600 ms)

========================================================================
Received Prepare
Registering precompiled user dll's ...
Registered in 0.001979 seconds.
Begin MonoManager ReloadAssembly
Native extension for WindowsStandalone target not found
Native extension for WebGL target not found
Refreshing native plugins compatible for Editor in 0.62 ms, found 1 plugins.
Preloading 0 native plugins for Editor in 0.00 ms.
Invoked RoslynAnalysisRunner static constructor.
RoslynAnalysisRunner will not be running.
RoslynAnalysisRunner has terminated.
Mono: successfully reloaded assembly
- Completed reload, in  0.838 seconds
Platform modules already initialized, skipping
Shader 'Universal Render Pipeline/Particles/Lit': fallback shader 'Universal Render Pipeline/Particles/SimpleLit' not found
Refreshing native plugins compatible for Editor in 0.88 ms, found 1 plugins.
Preloading 0 native plugins for Editor in 0.00 ms.
Unloading 3241 Unused Serialized files (Serialized files now loaded: 0)
System memory in use before: 164.2 MB.
System memory in use after: 164.4 MB.

Unloading 13 unused Assets to reduce memory usage. Loaded Objects now: 3993.
Total: 2.736600 ms (FindLiveObjects: 0.383000 ms CreateObjectMapping: 0.082400 ms MarkObjects: 2.157800 ms  DeleteObjects: 0.111800 ms)

========================================================================
Received Prepare
Registering precompiled user dll's ...
Registered in 0.001840 seconds.
Begin MonoManager ReloadAssembly
Native extension for WindowsStandalone target not found
Native extension for WebGL target not found
Refreshing native plugins compatible for Editor in 0.57 ms, found 1 plugins.
Preloading 0 native plugins for Editor in 0.00 ms.
Invoked RoslynAnalysisRunner static constructor.
RoslynAnalysisRunner will not be running.
RoslynAnalysisRunner has terminated.
Mono: successfully reloaded assembly
- Completed reload, in  0.803 seconds
Platform modules already initialized, skipping
Shader 'Universal Render Pipeline/Particles/Lit': fallback shader 'Universal Render Pipeline/Particles/SimpleLit' not found
Refreshing native plugins compatible for Editor in 0.56 ms, found 1 plugins.
Preloading 0 native plugins for Editor in 0.00 ms.
Unloading 3241 Unused Serialized files (Serialized files now loaded: 0)
System memory in use before: 164.2 MB.
System memory in use after: 164.4 MB.

Unloading 13 unused Assets to reduce memory usage. Loaded Objects now: 3996.
Total: 2.560200 ms (FindLiveObjects: 0.311600 ms CreateObjectMapping: 0.082200 ms MarkObjects: 2.059100 ms  DeleteObjects: 0.106400 ms)

========================================================================
Received Prepare
Registering precompiled user dll's ...
Registered in 0.002034 seconds.
Begin MonoManager ReloadAssembly
Native extension for WindowsStandalone target not found
Native extension for WebGL target not found
Refreshing native plugins compatible for Editor in 0.56 ms, found 1 plugins.
Preloading 0 native plugins for Editor in 0.00 ms.
Invoked RoslynAnalysisRunner static constructor.
RoslynAnalysisRunner will not be running.
RoslynAnalysisRunner has terminated.
Mono: successfully reloaded assembly
- Completed reload, in  0.796 seconds
Platform modules already initialized, skipping
Shader 'Universal Render Pipeline/Particles/Lit': fallback shader 'Universal Render Pipeline/Particles/SimpleLit' not found
Refreshing native plugins compatible for Editor in 0.58 ms, found 1 plugins.
Preloading 0 native plugins for Editor in 0.00 ms.
Unloading 3241 Unused Serialized files (Serialized files now loaded: 0)
System memory in use before: 164.2 MB.
System memory in use after: 164.4 MB.

Unloading 13 unused Assets to reduce memory usage. Loaded Objects now: 3999.
Total: 2.697100 ms (FindLiveObjects: 0.457500 ms CreateObjectMapping: 0.094500 ms MarkObjects: 2.044300 ms  DeleteObjects: 0.099800 ms)

========================================================================
Received Prepare
Shader 'Universal Render Pipeline/Particles/Lit': fallback shader 'Universal Render Pipeline/Particles/SimpleLit' not found
Refreshing native plugins compatible for Editor in 2.23 ms, found 1 plugins.
Preloading 0 native plugins for Editor in 0.00 ms.
Unloading 11 Unused Serialized files (Serialized files now loaded: 0)
System memory in use before: 100.5 MB.
System memory in use after: 100.7 MB.

Unloading 11 unused Assets to reduce memory usage. Loaded Objects now: 3999.
Total: 2.776500 ms (FindLiveObjects: 0.393900 ms CreateObjectMapping: 0.095400 ms MarkObjects: 2.191400 ms  DeleteObjects: 0.094800 ms)

